Arguments: 
  /data/data/com.termux/files/usr/bin/node /data/data/com.termux/files/usr/share/yarn/bin/yarn.js add web3

PATH: 
  /data/data/com.termux/files/usr/bin

Yarn version: 
  1.22.19

Node version: 
  18.2.0

Platform: 
  android arm64

Trace: 
  Error: EACCES: permission denied, symlink '../../../../crc-32/bin/crc32.njs' -> '/storage/emulated/0/8/node_modules/@ethereumjs/common/node_modules/.bin/crc32'

npm manifest: 
  {
    "name": "coinbasebot",
    "version": "1.0.0",
    "description": "coinbasebot",
    "main": "index.js",
    "scripts": {
      "start": "node index.js"
    },
    "repository": {
      "type": "git",
      "url": "git+https://github.com/Khuzha/chatAdmin.git"
    },
    "keywords": [],
    "author": "",
    "license": "ISC",
    "bugs": {
      "url": "https://github.com/Khuzha/chatAdmin/issues"
    },
    "homepage": "https://github.com/Khuzha/chatAdmin#readme",
    "dependencies": {
      "axios": "^0.21.1",
      "body": "^5.1.0",
      "body-parser": "^1.19.0",
      "child_process": "^1.0.2",
      "coinbase": "^2.0.8",
      "coinpayments": "^2.1.3",
      "express": "4.17.1",
      "expresss": "0.0.0",
      "heroku": "^7.56.1",
      "http": "0.0.1-security",
      "interface": "^1.2.1",
      "mongodb": "^3.6.11",
      "pm2": "^5.1.0",
      "telegraf": "^4.4.1",
      "tsc": "^2.0.3",
      "typescript": "^4.3.5"
    },
    "devDependencies": {}
  }

yarn manifest: 
  No manifest

Lockfile: 
  No lockfile
